Added Component: Designator=U1(QFN-64)
Added Pin To Net: NetName=NetR14_1 Pin=U1-1
Added Pin To Net: NetName=NetR2_1 Pin=U1-2
Added Pin To Net: NetName=NetR15_1 Pin=U1-3
Added Pin To Net: NetName=NetR6_1 Pin=U1-4
Added Pin To Net: NetName=VCC3V3 Pin=U1-5
Added Pin To Net: NetName=NetR16_1 Pin=U1-6
Added Pin To Net: NetName=NetR8_1 Pin=U1-7
Added Pin To Net: NetName=NetR17_1 Pin=U1-8
Added Pin To Net: NetName=NetR9_1 Pin=U1-9
Added Pin To Net: NetName=VCC3V3 Pin=U1-10
Added Pin To Net: NetName=NetR18_1 Pin=U1-11
Added Pin To Net: NetName=NetR10_1 Pin=U1-12
Added Pin To Net: NetName=GND Pin=U1-13
Added Pin To Net: NetName=GND Pin=U1-19
Added Pin To Net: NetName=VCC3V3 Pin=U1-24
Added Pin To Net: NetName=GND Pin=U1-41
Added Pin To Net: NetName=GND Pin=U1-42
Added Pin To Net: NetName=RESET_N Pin=U1-43
Added Pin To Net: NetName=USB_DET Pin=U1-44
Added Pin To Net: NetName=NetR19_1 Pin=U1-45
Added Pin To Net: NetName=VCC3V3 Pin=U1-46
Added Pin To Net: NetName=VCC3V3 Pin=U1-52
Added Pin To Net: NetName=NetR26_1 Pin=U1-53
Added Pin To Net: NetName=NetR11_1 Pin=U1-54
Added Pin To Net: NetName=NetR28_1 Pin=U1-55
Added Pin To Net: NetName=NetR12_1 Pin=U1-56
Added Pin To Net: NetName=VCC3V3 Pin=U1-57
Added Pin To Net: NetName=NetR7_2 Pin=U1-58
Added Pin To Net: NetName=NetR1_2 Pin=U1-59
Added Pin To Net: NetName=NetC5_2 Pin=U1-60
Added Pin To Net: NetName=NetC4_2 Pin=U1-61
Added Pin To Net: NetName=NetR35_1 Pin=U1-63
Added Pin To Net: NetName=VCC3V3 Pin=U1-64
Added Pin To Net: NetName=GND Pin=U1-65
Added Member To Class: ClassName=USB2517 Member=Component U1 USB2517
