Removed Pin From Net: NetName=USB_EX3_5V Pin=C33-1
Removed Pin From Net: NetName=USB_EX3_5V Pin=C35-1
Removed Pin From Net: NetName=USB_EX3_5V Pin=P6-1
Removed Pin From Net: NetName=USB_EX3_5V Pin=P7-1
Removed Pin From Net: NetName=USB_EX3_EN Pin=R43-1
Removed Pin From Net: NetName=USB_EX3_5V Pin=R45-2
Removed Pin From Net: NetName=USB_EX3_EN Pin=R47-1
Removed Pin From Net: NetName=USB_EX3_5V Pin=R48-2
Removed Pin From Net: NetName=USB_EX3_EN Pin=U10-3
Removed Pin From Net: NetName=USB_EX3_5V Pin=U10-6
Removed Pin From Net: NetName=USB_EX3_EN Pin=U11-3
Removed Pin From Net: NetName=USB_EX3_5V Pin=U11-6
Added Pin To Net: NetName=USB_EX5_5V Pin=C35-1
Added Pin To Net: NetName=USB_EX5_5V Pin=P7-1
Added Pin To Net: NetName=USB_EX5_5V Pin=R48-2
Added Pin To Net: NetName=USB_EX5_5V Pin=U11-6
Added Net: Name=USB_EX5_5V
Added Pin To Net: NetName=USB_EX5_EN Pin=R47-1
Added Pin To Net: NetName=USB_EX5_EN Pin=U11-3
Added Net: Name=USB_EX5_EN
Added Pin To Net: NetName=USB_EX6_5V Pin=C33-1
Added Pin To Net: NetName=USB_EX6_5V Pin=P6-1
Added Pin To Net: NetName=USB_EX6_5V Pin=R45-2
Added Pin To Net: NetName=USB_EX6_5V Pin=U10-6
Added Net: Name=USB_EX6_5V
Added Pin To Net: NetName=USB_EX6_EN Pin=R43-1
Added Pin To Net: NetName=USB_EX6_EN Pin=U10-3
Added Net: Name=USB_EX6_EN
