Removed Pin From Net: NetName=USB_EX3_5V Pin=C25-1
Removed Pin From Net: NetName=USB_EX3_EN Pin=R38-1
Removed Pin From Net: NetName=USB_EX3_5V Pin=R40-2
Removed Pin From Net: NetName=USB_EX3_EN Pin=U8-3
Removed Pin From Net: NetName=USB_EX3_5V Pin=U8-6
Added Pin To Net: NetName=GND Pin=P4-0
Added Pin To Net: NetName=GND Pin=P4-0
Added Pin To Net: NetName=USBDN4- Pin=P4-2
Added Pin To Net: NetName=USBDN4+ Pin=P4-3
Added Pin To Net: NetName=GND Pin=P4-4
Added Pin To Net: NetName=USB_EX4_5V Pin=C25-1
Added Pin To Net: NetName=USB_EX4_5V Pin=P4-1
Added Pin To Net: NetName=USB_EX4_5V Pin=R40-2
Added Pin To Net: NetName=USB_EX4_5V Pin=U8-6
Added Net: Name=USB_EX4_5V
Added Pin To Net: NetName=USB_EX4_EN Pin=R38-1
Added Pin To Net: NetName=USB_EX4_EN Pin=U8-3
Added Net: Name=USB_EX4_EN
Added Pin To Net: NetName=USBDN5+ Pin=R10-2
Added Pin To Net: NetName=USBDN5+ Pin=U2-5
Added Net: Name=USBDN5+
Added Pin To Net: NetName=USBDN5- Pin=R18-2
Added Pin To Net: NetName=USBDN5- Pin=U2-6
Added Net: Name=USBDN5-
