Removed Pin From Net: NetName=VCC5V Pin=C9-1
Removed Pin From Net: NetName=GND Pin=C9-2
Removed Pin From Net: NetName=VCC24V Pin=C17-1
Removed Pin From Net: NetName=GND Pin=C17-2
Removed Pin From Net: NetName=GND Pin=C19-1
Removed Pin From Net: NetName=GND Pin=C21-1
Removed Pin From Net: NetName=GND Pin=D3-1
Removed Pin From Net: NetName=GND Pin=D4-K
Removed Pin From Net: NetName=VCC5V Pin=L1-2
Removed Pin From Net: NetName=VCC5V Pin=R3-1
Removed Pin From Net: NetName=GND Pin=R23-1
Removed Pin From Net: NetName=GND Pin=R24-2
Removed Pin From Net: NetName=GND Pin=R25-1
Removed Pin From Net: NetName=GND Pin=U4-5
Removed Pin From Net: NetName=VCC24V Pin=U4-7
Removed Pin From Net: NetName=GND Pin=VR1-1
Removed Member From Class: ClassName=RST_SER_1 Member=C8
Removed Member From Class: ClassName=RST_SER_1 Member=C9
Removed Member From Class: ClassName=RST_SER_1 Member=C17
Removed Member From Class: ClassName=RST_SER_1 Member=C20
Removed Member From Class: ClassName=RST_SER_1 Member=D3
Removed Member From Class: ClassName=RST_SER_1 Member=L1
Removed Member From Class: ClassName=RST_SER_1 Member=R3
Removed Member From Class: ClassName=RST_SER_1 Member=R22
Removed Member From Class: ClassName=RST_SER_1 Member=R23
Removed Member From Class: ClassName=RST_SER_1 Member=R24
Removed Member From Class: ClassName=RST_SER_1 Member=R25
Removed Member From Class: ClassName=RST_SER_1 Member=U4
Change Component DesignItemId : Designator=C30 Old DesignItemId= New DesignItemId=C
Change Component DesignItemId : Designator=U2 Old DesignItemId= New DesignItemId=CH340G
Change Component DesignItemId : Designator=J3 Old DesignItemId= New DesignItemId=header2
Change Component DesignItemId : Designator=J4 Old DesignItemId= New DesignItemId=header2
Change Component DesignItemId : Designator=J5 Old DesignItemId= New DesignItemId=header4
Change Component DesignItemId : Designator=D11 Old DesignItemId= New DesignItemId=TVS
Change Component DesignItemId : Designator=P1 Old DesignItemId= New DesignItemId=USB1
Change Component DesignItemId : Designator=P2 Old DesignItemId= New DesignItemId=USB1
Change Component DesignItemId : Designator=P3 Old DesignItemId= New DesignItemId=USB1
Change Component DesignItemId : Designator=P4 Old DesignItemId= New DesignItemId=USB1
Change Component DesignItemId : Designator=P5 Old DesignItemId= New DesignItemId=USB1
Change Component DesignItemId : Designator=P6 Old DesignItemId= New DesignItemId=USB1
Change Component DesignItemId : Designator=P7 Old DesignItemId= New DesignItemId=USB1
Change Component DesignItemId : Designator=P8 Old DesignItemId= New DesignItemId=USB1
Change Component DesignItemId : Designator=U1 Old DesignItemId=US New DesignItemId=USB2517-JZX
Change Component Description : Designator=U6 Old Description= New Description=ARM
Change Component Description : Designator=U3 Old Description= New Description=SOT-23-6
Change Component Description : Designator=U7 Old Description= New Description=SOT-23-6
Change Component Description : Designator=U8 Old Description= New Description=SOT-23-6
Change Component Description : Designator=U9 Old Description= New Description=SOT-23-6
Change Component Description : Designator=U10 Old Description= New Description=SOT-23-6
Change Component Description : Designator=U11 Old Description= New Description=SOT-23-6
Change Component Description : Designator=D1 Old Description= New Description=发光二极管
Change Component Description : Designator=D2 Old Description= New Description=发光二极管
Change Component Description : Designator=D4 Old Description= New Description=发光二极管
Change Component Description : Designator=D5 Old Description= New Description=发光二极管
Change Component Description : Designator=D6 Old Description= New Description=发光二极管
Change Component Description : Designator=D7 Old Description= New Description=发光二极管
Change Component Description : Designator=D8 Old Description= New Description=发光二极管
Change Component Description : Designator=D9 Old Description= New Description=发光二极管
Change Component Description : Designator=D10 Old Description= New Description=发光二极管
Change Component Description : Designator=R1 Old Description= New Description=贴片电阻
Change Component Description : Designator=R2 Old Description= New Description=贴片电阻
Change Component Description : Designator=R4 Old Description= New Description=贴片电阻
Change Component Description : Designator=R5 Old Description= New Description=贴片电阻
Change Component Description : Designator=R6 Old Description= New Description=贴片电阻
Change Component Description : Designator=R7 Old Description= New Description=贴片电阻
Change Component Description : Designator=R8 Old Description= New Description=贴片电阻
Change Component Description : Designator=R9 Old Description= New Description=贴片电阻
Change Component Description : Designator=R10 Old Description= New Description=贴片电阻
Change Component Description : Designator=R11 Old Description= New Description=贴片电阻
Change Component Description : Designator=R12 Old Description= New Description=贴片电阻
Change Component Description : Designator=R13 Old Description= New Description=贴片电阻
Change Component Description : Designator=R14 Old Description= New Description=贴片电阻
Change Component Description : Designator=R15 Old Description= New Description=贴片电阻
Change Component Description : Designator=R16 Old Description= New Description=贴片电阻
Change Component Description : Designator=R17 Old Description= New Description=贴片电阻
Change Component Description : Designator=R18 Old Description= New Description=贴片电阻
Change Component Description : Designator=R19 Old Description= New Description=贴片电阻
Change Component Description : Designator=R20 Old Description= New Description=贴片电阻
Change Component Description : Designator=R21 Old Description= New Description=贴片电阻
Change Component Description : Designator=R26 Old Description= New Description=贴片电阻
Change Component Description : Designator=R27 Old Description= New Description=贴片电阻
Change Component Description : Designator=R28 Old Description= New Description=贴片电阻
Change Component Description : Designator=R29 Old Description= New Description=贴片电阻
Change Component Description : Designator=R30 Old Description= New Description=贴片电阻
Change Component Description : Designator=R31 Old Description= New Description=贴片电阻
Change Component Description : Designator=R32 Old Description= New Description=贴片电阻
Change Component Description : Designator=R33 Old Description= New Description=贴片电阻
Change Component Description : Designator=R34 Old Description= New Description=贴片电阻
Change Component Description : Designator=R35 Old Description= New Description=贴片电阻
Change Component Description : Designator=R36 Old Description= New Description=贴片电阻
Change Component Description : Designator=R37 Old Description= New Description=贴片电阻
Change Component Description : Designator=R38 Old Description= New Description=贴片电阻
Change Component Description : Designator=R39 Old Description= New Description=贴片电阻
Change Component Description : Designator=R40 Old Description= New Description=贴片电阻
Change Component Description : Designator=R41 Old Description= New Description=贴片电阻
Change Component Description : Designator=R42 Old Description= New Description=贴片电阻
Change Component Description : Designator=R43 Old Description= New Description=贴片电阻
Change Component Description : Designator=R44 Old Description= New Description=贴片电阻
Change Component Description : Designator=R45 Old Description= New Description=贴片电阻
Change Component Description : Designator=R46 Old Description= New Description=贴片电阻
Change Component Description : Designator=R47 Old Description= New Description=贴片电阻
Change Component Description : Designator=R48 Old Description= New Description=贴片电阻
Change Component Description : Designator=R49 Old Description= New Description=贴片电阻
Change Component Description : Designator=R50 Old Description= New Description=贴片电阻
Change Component Description : Designator=R51 Old Description= New Description=贴片电阻
Change Component Description : Designator=C1 Old Description=? New Description=贴片电容
Change Component Description : Designator=C2 Old Description=? New Description=贴片电容
Change Component Description : Designator=C3 Old Description=? New Description=贴片电容
Change Component Description : Designator=C4 Old Description=? New Description=贴片电容
Change Component Description : Designator=C5 Old Description=? New Description=贴片电容
Change Component Description : Designator=C6 Old Description=? New Description=贴片电容
Change Component Description : Designator=C7 Old Description=? New Description=贴片电容
Change Component Description : Designator=C10 Old Description=? New Description=贴片电容
Change Component Description : Designator=C11 Old Description=? New Description=贴片电容
Change Component Description : Designator=C12 Old Description=? New Description=贴片电容
Change Component Description : Designator=C13 Old Description=? New Description=贴片电容
Change Component Description : Designator=C14 Old Description=? New Description=贴片电容
Change Component Description : Designator=C15 Old Description=? New Description=贴片电容
Change Component Description : Designator=C16 Old Description=? New Description=贴片电容
Change Component Description : Designator=C18 Old Description=? New Description=贴片电容
Change Component Description : Designator=C19 Old Description=? New Description=贴片电容
Change Component Description : Designator=C21 Old Description=? New Description=贴片电容
Change Component Description : Designator=C22 Old Description=? New Description=贴片电容
Change Component Description : Designator=C23 Old Description=? New Description=贴片电容
Change Component Description : Designator=C24 Old Description=? New Description=贴片电容
Change Component Description : Designator=C25 Old Description=? New Description=贴片电容
Change Component Description : Designator=C26 Old Description=? New Description=贴片电容
Change Component Description : Designator=C27 Old Description=? New Description=贴片电容
Change Component Description : Designator=C28 Old Description=? New Description=贴片电容
Change Component Description : Designator=C29 Old Description=? New Description=贴片电容
Change Component Description : Designator=C31 Old Description=? New Description=贴片电容
Change Component Description : Designator=C32 Old Description=? New Description=贴片电容
Change Component Description : Designator=C33 Old Description=? New Description=贴片电容
Change Component Description : Designator=C34 Old Description=? New Description=贴片电容
Change Component Description : Designator=C35 Old Description=? New Description=贴片电容
Change Component Description : Designator=C36 Old Description=? New Description=贴片电容
Change Component Description : Designator=C37 Old Description=? New Description=贴片电容
Change Component Description : Designator=C38 Old Description=? New Description=贴片电容
Change Component Description : Designator=C39 Old Description=? New Description=贴片电容
Change Component Description : Designator=Y1 Old Description=SM New Description=SMD-3225_4P
Change Component Description : Designator=VR1 Old Description=低压差线性? New Description=低压差线性稳压(LDO)
Change Component Description : Designator=L2 Old Description=贴? New Description=贴片电感
Added Component: Designator=C39(1206_C)
Added Component: Designator=C40(1206_C)
Added Component: Designator=C41(0603_C)
Added Component: Designator=C42(0603_C)
Added Component: Designator=C43(0603_C)
Added Component: Designator=C44(0603_C)
Added Component: Designator=C45(0603_C)
Added Component: Designator=J11(MX_3.0_2X1P)
Added Component: Designator=L3(L_SMD,5.7x5.2mm)
Added Component: Designator=R52(0603_R)
Added Component: Designator=R53(0603_R)
Added Component: Designator=R54(0603_R)
Added Component: Designator=R55(0603_R)
Added Component: Designator=R56(0603_R)
Added Component: Designator=R57(0603_R)
Added Component: Designator=R58(0603_R)
Added Component: Designator=R59(0603_R)
Added Component: Designator=R60(0603_R)
Added Component: Designator=U15(TSSOP-20)
Added Pin To Net: NetName=VCC24V Pin=C39-1
Added Pin To Net: NetName=GND Pin=C39-2
Added Pin To Net: NetName=VCC5V Pin=C40-1
Added Pin To Net: NetName=GND Pin=C40-2
Added Pin To Net: NetName=GND Pin=C42-1
Added Pin To Net: NetName=GND Pin=C43-1
Added Pin To Net: NetName=GND Pin=C44-2
Added Pin To Net: NetName=GND Pin=C45-2
Added Pin To Net: NetName=GND Pin=J11-1
Added Pin To Net: NetName=VCC5V Pin=J11-2
Added Pin To Net: NetName=VCC5V Pin=L3-2
Added Pin To Net: NetName=VCC3V3 Pin=R52-2
Added Pin To Net: NetName=VCC5V Pin=R53-2
Added Pin To Net: NetName=GND Pin=R56-2
Added Pin To Net: NetName=GND Pin=R57-1
Added Pin To Net: NetName=VCC24V Pin=U15-6
Added Pin To Net: NetName=VCC24V Pin=U15-7
Added Pin To Net: NetName=VCC24V Pin=U15-8
Added Pin To Net: NetName=GND Pin=U15-13
Added Pin To Net: NetName=GND Pin=U15-14
Added Pin To Net: NetName=GND Pin=U15-15
Added Pin To Net: NetName=GND Pin=U15-20
Added Pin To Net: NetName=NetC19_1 Pin=C19-1
Added Pin To Net: NetName=NetC19_1 Pin=C21-1
Added Pin To Net: NetName=NetC19_1 Pin=D4-K
Added Pin To Net: NetName=NetC19_1 Pin=VR1-1
Added Net: Name=NetC19_1
Added Pin To Net: NetName=NetC41_1 Pin=C41-1
Added Pin To Net: NetName=NetC41_1 Pin=U15-5
Added Net: Name=NetC41_1
Added Pin To Net: NetName=NetC41_2 Pin=C41-2
Added Pin To Net: NetName=NetC41_2 Pin=L3-1
Added Pin To Net: NetName=NetC41_2 Pin=U15-10
Added Pin To Net: NetName=NetC41_2 Pin=U15-11
Added Net: Name=NetC41_2
Added Pin To Net: NetName=NetC42_2 Pin=C42-2
Added Pin To Net: NetName=NetC42_2 Pin=U15-16
Added Net: Name=NetC42_2
Added Pin To Net: NetName=NetC43_2 Pin=C43-2
Added Pin To Net: NetName=NetC43_2 Pin=U15-19
Added Net: Name=NetC43_2
Added Pin To Net: NetName=NetC44_1 Pin=C44-1
Added Pin To Net: NetName=NetC44_1 Pin=R60-2
Added Net: Name=NetC44_1
Added Pin To Net: NetName=NetC45_1 Pin=C45-1
Added Pin To Net: NetName=NetC45_1 Pin=R59-1
Added Pin To Net: NetName=NetC45_1 Pin=U15-1
Added Net: Name=NetC45_1
Added Pin To Net: NetName=NetR53_1 Pin=R53-1
Added Pin To Net: NetName=NetR53_1 Pin=R54-2
Added Pin To Net: NetName=NetR53_1 Pin=R55-1
Added Net: Name=NetR53_1
Added Pin To Net: NetName=NetR54_1 Pin=R54-1
Added Pin To Net: NetName=NetR54_1 Pin=U15-2
Added Net: Name=NetR54_1
Added Pin To Net: NetName=NetR55_2 Pin=R55-2
Added Pin To Net: NetName=NetR55_2 Pin=R56-1
Added Net: Name=NetR55_2
Added Pin To Net: NetName=NetR57_2 Pin=R57-2
Added Pin To Net: NetName=NetR57_2 Pin=R58-1
Added Net: Name=NetR57_2
Added Pin To Net: NetName=NetR58_2 Pin=R58-2
Added Pin To Net: NetName=NetR58_2 Pin=U15-3
Added Net: Name=NetR58_2
Added Pin To Net: NetName=NetR59_2 Pin=R59-2
Added Pin To Net: NetName=NetR59_2 Pin=R60-1
Added Net: Name=NetR59_2
Added Pin To Net: NetName=V5_CTRL Pin=R52-1
Added Pin To Net: NetName=V5_CTRL Pin=U15-4
Added Net: Name=V5_CTRL
Added Member To Class: ClassName=RST_SER_1 Member=Component C39 1uF  50V
Added Member To Class: ClassName=RST_SER_1 Member=Component C40 22UF/25V
Added Member To Class: ClassName=RST_SER_1 Member=Component C41 100nF (104) 10% 50V
Added Member To Class: ClassName=RST_SER_1 Member=Component C42 1uF (105) 10% 50V
Added Member To Class: ClassName=RST_SER_1 Member=Component C43 1uF (105) 10% 50V
Added Member To Class: ClassName=RST_SER_1 Member=Component C44 2.7nF (272) 10% 50V
Added Member To Class: ClassName=RST_SER_1 Member=Component C45 18pF (180) 5% 50V
Added Member To Class: ClassName=RST_SER_1 Member=Component J11 MOTOR
Added Member To Class: ClassName=RST_SER_1 Member=Component L3 3.3uH
Added Member To Class: ClassName=RST_SER_1 Member=Component R52 10KΩ (1002) ±1%
Added Member To Class: ClassName=RST_SER_1 Member=Component R53 20KΩ (2002) ±1%
Added Member To Class: ClassName=RST_SER_1 Member=Component R54 0Ω (0R0) ±1%
Added Member To Class: ClassName=RST_SER_1 Member=Component R55 2KΩ (2001) ±1%
Added Member To Class: ClassName=RST_SER_1 Member=Component R56 3KΩ (3001) ±1%
Added Member To Class: ClassName=RST_SER_1 Member=Component R57 1.3KΩ (1201) ±1%
Added Member To Class: ClassName=RST_SER_1 Member=Component R58 62KΩ (6202) ±1%
Added Member To Class: ClassName=RST_SER_1 Member=Component R59 3KΩ (3001) ±1%
Added Member To Class: ClassName=RST_SER_1 Member=Component R60 3KΩ (3001) ±1%
Added Member To Class: ClassName=RST_SER_1 Member=Component U15 MP4575
