Removed Pin From Net: NetName=USB_EX3_5V Pin=P4-1
Removed Pin From Net: NetName=USB_EX3_5V Pin=P6-1
Removed Pin From Net: NetName=GND Pin=P8-0
Removed Pin From Net: NetName=GND Pin=P8-0
Removed Pin From Net: NetName=VCC5V Pin=P8-1
Removed Pin From Net: NetName=GND Pin=P8-4
Removed Pin From Net: NetName=USBDN1-_N Pin=R2-2
Removed Pin From Net: NetName=USBDN1+_P Pin=R14-2
Removed Pin From Net: NetName=USB_EX3_EN Pin=R31-1
Removed Pin From Net: NetName=USB_EX3_EN Pin=U7-3
Added Component: Designator=P8(USB-A-TH_AF90-OFFSET - duplicate)
Added Pin To Net: NetName=GND Pin=P3-0
Added Pin To Net: NetName=GND Pin=P3-0
Added Pin To Net: NetName=GND Pin=P3-4
Added Pin To Net: NetName=USB_EX4_5V Pin=P4-1
Added Pin To Net: NetName=USB_EX6_5V Pin=P6-1
Added Pin To Net: NetName=GND Pin=P8-0
Added Pin To Net: NetName=GND Pin=P8-0
Added Pin To Net: NetName=VCC5V Pin=P8-1
Added Pin To Net: NetName=GND Pin=P8-4
Added Pin To Net: NetName=USBDN1- Pin=R2-2
Added Pin To Net: NetName=USBDN6- Pin=R11-2
Added Pin To Net: NetName=USBDN7- Pin=R12-2
Added Pin To Net: NetName=USBDN1+ Pin=R14-2
Added Pin To Net: NetName=USBDN6+ Pin=R26-2
Added Pin To Net: NetName=USBDN7+ Pin=R28-2
Added Pin To Net: NetName=USB_EX2_EN Pin=R31-1
Added Pin To Net: NetName=USB_EX2_EN Pin=U7-3
Added Pin To Net: NetName=USBDN5+ Pin=R18-2
Added Net: Name=USBDN5+
Added Pin To Net: NetName=USBDN5- Pin=R10-2
Added Net: Name=USBDN5-
Added Member To Class: ClassName=USB2517 Member=Component P3 USB1
