Removed Pin From Net: NetName=GND Pin=U5-1
Removed Pin From Net: NetName=VCC3V3 Pin=U5-2
Removed Pin From Net: NetName=VCC5V Pin=U5-3
Removed Member From Class: ClassName=RST_SER_1 Member=U5
Change Component DesignItemId : Designator=C30 Old DesignItemId= New DesignItemId=C
Change Component DesignItemId : Designator=U2 Old DesignItemId= New DesignItemId=CH340G
Change Component DesignItemId : Designator=J3 Old DesignItemId= New DesignItemId=header2
Change Component DesignItemId : Designator=J4 Old DesignItemId= New DesignItemId=header2
Change Component DesignItemId : Designator=J5 Old DesignItemId= New DesignItemId=header4
Change Component DesignItemId : Designator=L1 Old DesignItemId= New DesignItemId=induct
Change Component DesignItemId : Designator=D11 Old DesignItemId= New DesignItemId=TVS
Change Component DesignItemId : Designator=P1 Old DesignItemId= New DesignItemId=USB1
Change Component DesignItemId : Designator=P2 Old DesignItemId= New DesignItemId=USB1
Change Component DesignItemId : Designator=P3 Old DesignItemId= New DesignItemId=USB1
Change Component DesignItemId : Designator=P4 Old DesignItemId= New DesignItemId=USB1
Change Component DesignItemId : Designator=P5 Old DesignItemId= New DesignItemId=USB1
Change Component DesignItemId : Designator=P6 Old DesignItemId= New DesignItemId=USB1
Change Component DesignItemId : Designator=P7 Old DesignItemId= New DesignItemId=USB1
Change Component DesignItemId : Designator=P8 Old DesignItemId= New DesignItemId=USB1
Change Component DesignItemId : Designator=U1 Old DesignItemId= New DesignItemId=USB2517-JZX
Change Component DesignItemId : Designator=D4 Old DesignItemId=0603 New DesignItemId=0603 红灯
Change Component DesignItemId : Designator=D1 Old DesignItemId=0603 New DesignItemId=0603 绿灯
Change Component DesignItemId : Designator=D2 Old DesignItemId=0603 New DesignItemId=0603 绿灯
Change Component DesignItemId : Designator=D5 Old DesignItemId=0603 New DesignItemId=0603 绿灯
Change Component DesignItemId : Designator=D6 Old DesignItemId=0603 New DesignItemId=0603 绿灯
Change Component DesignItemId : Designator=D7 Old DesignItemId=0603 New DesignItemId=0603 绿灯
Change Component DesignItemId : Designator=D8 Old DesignItemId=0603 New DesignItemId=0603 绿灯
Change Component DesignItemId : Designator=D9 Old DesignItemId=0603 New DesignItemId=0603 绿灯
Change Component DesignItemId : Designator=D10 Old DesignItemId=0603 New DesignItemId=0603 绿灯
Change Component DesignItemId : Designator=R34 Old DesignItemId=0603 1KΩ (1001 New DesignItemId=0603 1KΩ (1001) 1%
Change Component DesignItemId : Designator=R50 Old DesignItemId=0603 1KΩ (1001 New DesignItemId=0603 1KΩ (1001) 1%
Change Component DesignItemId : Designator=R51 Old DesignItemId=0603 1KΩ (1001 New DesignItemId=0603 1KΩ (1001) 1%
Change Component DesignItemId : Designator=R20 Old DesignItemId=0603 1MΩ (1004 New DesignItemId=0603 1MΩ (1004) 1%
Change Component DesignItemId : Designator=R30 Old DesignItemId=0603 1MΩ (1004 New DesignItemId=0603 1MΩ (1004) 1%
Change Component DesignItemId : Designator=R19 Old DesignItemId=0603 4.7KΩ (4701 New DesignItemId=0603 4.7KΩ (4701) 1%
Change Component DesignItemId : Designator=R27 Old DesignItemId=0603 4.7KΩ (4701 New DesignItemId=0603 4.7KΩ (4701) 1%
Change Component DesignItemId : Designator=R33 Old DesignItemId=0603 4.7KΩ (4701 New DesignItemId=0603 4.7KΩ (4701) 1%
Change Component DesignItemId : Designator=R36 Old DesignItemId=0603 4.7KΩ (4701 New DesignItemId=0603 4.7KΩ (4701) 1%
Change Component DesignItemId : Designator=R40 Old DesignItemId=0603 4.7KΩ (4701 New DesignItemId=0603 4.7KΩ (4701) 1%
Change Component DesignItemId : Designator=R42 Old DesignItemId=0603 4.7KΩ (4701 New DesignItemId=0603 4.7KΩ (4701) 1%
Change Component DesignItemId : Designator=R45 Old DesignItemId=0603 4.7KΩ (4701 New DesignItemId=0603 4.7KΩ (4701) 1%
Change Component DesignItemId : Designator=R48 Old DesignItemId=0603 4.7KΩ (4701 New DesignItemId=0603 4.7KΩ (4701) 1%
Change Component DesignItemId : Designator=R13 Old DesignItemId=0603 10KΩ (1002 New DesignItemId=0603 10KΩ (1002) 1%
Change Component DesignItemId : Designator=R21 Old DesignItemId=0603 10KΩ (1002 New DesignItemId=0603 10KΩ (1002) 1%
Change Component DesignItemId : Designator=R31 Old DesignItemId=0603 10KΩ (1002 New DesignItemId=0603 10KΩ (1002) 1%
Change Component DesignItemId : Designator=R32 Old DesignItemId=0603 10KΩ (1002 New DesignItemId=0603 10KΩ (1002) 1%
Change Component DesignItemId : Designator=R38 Old DesignItemId=0603 10KΩ (1002 New DesignItemId=0603 10KΩ (1002) 1%
Change Component DesignItemId : Designator=R39 Old DesignItemId=0603 10KΩ (1002 New DesignItemId=0603 10KΩ (1002) 1%
Change Component DesignItemId : Designator=R43 Old DesignItemId=0603 10KΩ (1002 New DesignItemId=0603 10KΩ (1002) 1%
Change Component DesignItemId : Designator=R47 Old DesignItemId=0603 10KΩ (1002 New DesignItemId=0603 10KΩ (1002) 1%
Change Component DesignItemId : Designator=R35 Old DesignItemId=0603 12KΩ (1202 New DesignItemId=0603 12KΩ (1202) 1%
Change Component DesignItemId : Designator=R22 Old DesignItemId=0603 22KΩ (2202 New DesignItemId=0603 22KΩ (2202) 1%
Change Component DesignItemId : Designator=R29 Old DesignItemId=0603 27KΩ (2702 New DesignItemId=0603 27KΩ (2702) 1%
Change Component DesignItemId : Designator=R37 Old DesignItemId=0603 27KΩ (2702 New DesignItemId=0603 27KΩ (2702) 1%
Change Component DesignItemId : Designator=R41 Old DesignItemId=0603 27KΩ (2702 New DesignItemId=0603 27KΩ (2702) 1%
Change Component DesignItemId : Designator=R44 Old DesignItemId=0603 27KΩ (2702 New DesignItemId=0603 27KΩ (2702) 1%
Change Component DesignItemId : Designator=R46 Old DesignItemId=0603 27KΩ (2702 New DesignItemId=0603 27KΩ (2702) 1%
Change Component DesignItemId : Designator=R49 Old DesignItemId=0603 27KΩ (2702 New DesignItemId=0603 27KΩ (2702) 1%
Change Component DesignItemId : Designator=R1 Old DesignItemId=0603 27Ω (27R0 New DesignItemId=0603 27Ω (27R0) 1%
Change Component DesignItemId : Designator=R2 Old DesignItemId=0603 27Ω (27R0 New DesignItemId=0603 27Ω (27R0) 1%
Change Component DesignItemId : Designator=R6 Old DesignItemId=0603 27Ω (27R0 New DesignItemId=0603 27Ω (27R0) 1%
Change Component DesignItemId : Designator=R7 Old DesignItemId=0603 27Ω (27R0 New DesignItemId=0603 27Ω (27R0) 1%
Change Component DesignItemId : Designator=R8 Old DesignItemId=0603 27Ω (27R0 New DesignItemId=0603 27Ω (27R0) 1%
Change Component DesignItemId : Designator=R9 Old DesignItemId=0603 27Ω (27R0 New DesignItemId=0603 27Ω (27R0) 1%
Change Component DesignItemId : Designator=R10 Old DesignItemId=0603 27Ω (27R0 New DesignItemId=0603 27Ω (27R0) 1%
Change Component DesignItemId : Designator=R11 Old DesignItemId=0603 27Ω (27R0 New DesignItemId=0603 27Ω (27R0) 1%
Change Component DesignItemId : Designator=R12 Old DesignItemId=0603 27Ω (27R0 New DesignItemId=0603 27Ω (27R0) 1%
Change Component DesignItemId : Designator=R14 Old DesignItemId=0603 27Ω (27R0 New DesignItemId=0603 27Ω (27R0) 1%
Change Component DesignItemId : Designator=R15 Old DesignItemId=0603 27Ω (27R0 New DesignItemId=0603 27Ω (27R0) 1%
Change Component DesignItemId : Designator=R16 Old DesignItemId=0603 27Ω (27R0 New DesignItemId=0603 27Ω (27R0) 1%
Change Component DesignItemId : Designator=R17 Old DesignItemId=0603 27Ω (27R0 New DesignItemId=0603 27Ω (27R0) 1%
Change Component DesignItemId : Designator=R18 Old DesignItemId=0603 27Ω (27R0 New DesignItemId=0603 27Ω (27R0) 1%
Change Component DesignItemId : Designator=R26 Old DesignItemId=0603 27Ω (27R0 New DesignItemId=0603 27Ω (27R0) 1%
Change Component DesignItemId : Designator=R28 Old DesignItemId=0603 27Ω (27R0 New DesignItemId=0603 27Ω (27R0) 1%
Change Component DesignItemId : Designator=R4 Old DesignItemId=0603 100KΩ (1003 New DesignItemId=0603 100KΩ (1003) 1%
Change Component DesignItemId : Designator=R5 Old DesignItemId=0603 100KΩ (1003 New DesignItemId=0603 100KΩ (1003) 1%
Change Component DesignItemId : Designator=R3 Old DesignItemId=0603 120KΩ (1203 New DesignItemId=0603 120KΩ (1203) 1%
Change Component DesignItemId : Designator=R23 Old DesignItemId=0603 120KΩ (1203 New DesignItemId=0603 120KΩ (1203) 1%
Change Component DesignItemId : Designator=R24 Old DesignItemId=0603 120KΩ (1203 New DesignItemId=0603 120KΩ (1203) 1%
Change Component DesignItemId : Designator=R25 Old DesignItemId=0603 470Ω (4700 New DesignItemId=0603 470Ω (4700) 1%
Change Component DesignItemId : Designator=D3 Old DesignItemId=SMA(DO-214AC) S New DesignItemId=SMA(DO-214AC) SS54
Change Component DesignItemId : Designator=U6 Old DesignItemId=STM32F030F New DesignItemId=STM32F030F4P6
Change Component DesignItemId : Designator=U3 Old DesignItemId=TP New DesignItemId=TPS2553DBVT
Change Component DesignItemId : Designator=U7 Old DesignItemId=TP New DesignItemId=TPS2553DBVT
Change Component DesignItemId : Designator=U8 Old DesignItemId=TP New DesignItemId=TPS2553DBVT
Change Component DesignItemId : Designator=U9 Old DesignItemId=TP New DesignItemId=TPS2553DBVT
Change Component DesignItemId : Designator=U10 Old DesignItemId=TP New DesignItemId=TPS2553DBVT
Change Component DesignItemId : Designator=U11 Old DesignItemId=TP New DesignItemId=TPS2553DBVT
Change Component Description : Designator=U6 Old Description= New Description=ARM
Change Component Description : Designator=Y1 Old Description= New Description=SMD-3225_4P
Change Component Description : Designator=U3 Old Description= New Description=SOT-23-6
Change Component Description : Designator=U7 Old Description= New Description=SOT-23-6
Change Component Description : Designator=U8 Old Description= New Description=SOT-23-6
Change Component Description : Designator=U9 Old Description= New Description=SOT-23-6
Change Component Description : Designator=U10 Old Description= New Description=SOT-23-6
Change Component Description : Designator=U11 Old Description= New Description=SOT-23-6
Change Component Description : Designator=D3 Old Description= New Description=二极管
Change Component Description : Designator=D1 Old Description= New Description=发光二极管
Change Component Description : Designator=D2 Old Description= New Description=发光二极管
Change Component Description : Designator=D4 Old Description= New Description=发光二极管
Change Component Description : Designator=D5 Old Description= New Description=发光二极管
Change Component Description : Designator=D6 Old Description= New Description=发光二极管
Change Component Description : Designator=D7 Old Description= New Description=发光二极管
Change Component Description : Designator=D8 Old Description= New Description=发光二极管
Change Component Description : Designator=D9 Old Description= New Description=发光二极管
Change Component Description : Designator=D10 Old Description= New Description=发光二极管
Change Component Description : Designator=C1 Old Description= New Description=贴片电容
Change Component Description : Designator=C2 Old Description= New Description=贴片电容
Change Component Description : Designator=C3 Old Description= New Description=贴片电容
Change Component Description : Designator=C4 Old Description= New Description=贴片电容
Change Component Description : Designator=C5 Old Description= New Description=贴片电容
Change Component Description : Designator=C6 Old Description= New Description=贴片电容
Change Component Description : Designator=C7 Old Description= New Description=贴片电容
Change Component Description : Designator=C8 Old Description= New Description=贴片电容
Change Component Description : Designator=C9 Old Description= New Description=贴片电容
Change Component Description : Designator=C10 Old Description= New Description=贴片电容
Change Component Description : Designator=C11 Old Description= New Description=贴片电容
Change Component Description : Designator=C12 Old Description= New Description=贴片电容
Change Component Description : Designator=C13 Old Description= New Description=贴片电容
Change Component Description : Designator=C14 Old Description= New Description=贴片电容
Change Component Description : Designator=C15 Old Description= New Description=贴片电容
Change Component Description : Designator=C16 Old Description= New Description=贴片电容
Change Component Description : Designator=C17 Old Description= New Description=贴片电容
Change Component Description : Designator=C18 Old Description= New Description=贴片电容
Change Component Description : Designator=C19 Old Description= New Description=贴片电容
Change Component Description : Designator=C20 Old Description= New Description=贴片电容
Change Component Description : Designator=C21 Old Description= New Description=贴片电容
Change Component Description : Designator=C22 Old Description= New Description=贴片电容
Change Component Description : Designator=C23 Old Description= New Description=贴片电容
Change Component Description : Designator=C24 Old Description= New Description=贴片电容
Change Component Description : Designator=C25 Old Description= New Description=贴片电容
Change Component Description : Designator=C26 Old Description= New Description=贴片电容
Change Component Description : Designator=C27 Old Description= New Description=贴片电容
Change Component Description : Designator=C28 Old Description= New Description=贴片电容
Change Component Description : Designator=C29 Old Description= New Description=贴片电容
Change Component Description : Designator=C31 Old Description= New Description=贴片电容
Change Component Description : Designator=C32 Old Description= New Description=贴片电容
Change Component Description : Designator=C33 Old Description= New Description=贴片电容
Change Component Description : Designator=C34 Old Description= New Description=贴片电容
Change Component Description : Designator=C35 Old Description= New Description=贴片电容
Change Component Description : Designator=C36 Old Description= New Description=贴片电容
Change Component Description : Designator=C37 Old Description= New Description=贴片电容
Change Component Description : Designator=C38 Old Description= New Description=贴片电容
Change Component Description : Designator=C39 Old Description= New Description=贴片电容
Change Component Description : Designator=R1 Old Description= New Description=贴片电阻
Change Component Description : Designator=R2 Old Description= New Description=贴片电阻
Change Component Description : Designator=R3 Old Description= New Description=贴片电阻
Change Component Description : Designator=R4 Old Description= New Description=贴片电阻
Change Component Description : Designator=R5 Old Description= New Description=贴片电阻
Change Component Description : Designator=R6 Old Description= New Description=贴片电阻
Change Component Description : Designator=R7 Old Description= New Description=贴片电阻
Change Component Description : Designator=R8 Old Description= New Description=贴片电阻
Change Component Description : Designator=R9 Old Description= New Description=贴片电阻
Change Component Description : Designator=R10 Old Description= New Description=贴片电阻
Change Component Description : Designator=R11 Old Description= New Description=贴片电阻
Change Component Description : Designator=R12 Old Description= New Description=贴片电阻
Change Component Description : Designator=R13 Old Description= New Description=贴片电阻
Change Component Description : Designator=R14 Old Description= New Description=贴片电阻
Change Component Description : Designator=R15 Old Description= New Description=贴片电阻
Change Component Description : Designator=R16 Old Description= New Description=贴片电阻
Change Component Description : Designator=R17 Old Description= New Description=贴片电阻
Change Component Description : Designator=R18 Old Description= New Description=贴片电阻
Change Component Description : Designator=R19 Old Description= New Description=贴片电阻
Change Component Description : Designator=R20 Old Description= New Description=贴片电阻
Change Component Description : Designator=R21 Old Description= New Description=贴片电阻
Change Component Description : Designator=R22 Old Description= New Description=贴片电阻
Change Component Description : Designator=R23 Old Description= New Description=贴片电阻
Change Component Description : Designator=R24 Old Description= New Description=贴片电阻
Change Component Description : Designator=R25 Old Description= New Description=贴片电阻
Change Component Description : Designator=R26 Old Description= New Description=贴片电阻
Change Component Description : Designator=R27 Old Description= New Description=贴片电阻
Change Component Description : Designator=R28 Old Description= New Description=贴片电阻
Change Component Description : Designator=R29 Old Description= New Description=贴片电阻
Change Component Description : Designator=R30 Old Description= New Description=贴片电阻
Change Component Description : Designator=R31 Old Description= New Description=贴片电阻
Change Component Description : Designator=R32 Old Description= New Description=贴片电阻
Change Component Description : Designator=R33 Old Description= New Description=贴片电阻
Change Component Description : Designator=R34 Old Description= New Description=贴片电阻
Change Component Description : Designator=R35 Old Description= New Description=贴片电阻
Change Component Description : Designator=R36 Old Description= New Description=贴片电阻
Change Component Description : Designator=R37 Old Description= New Description=贴片电阻
Change Component Description : Designator=R38 Old Description= New Description=贴片电阻
Change Component Description : Designator=R39 Old Description= New Description=贴片电阻
Change Component Description : Designator=R40 Old Description= New Description=贴片电阻
Change Component Description : Designator=R41 Old Description= New Description=贴片电阻
Change Component Description : Designator=R42 Old Description= New Description=贴片电阻
Change Component Description : Designator=R43 Old Description= New Description=贴片电阻
Change Component Description : Designator=R44 Old Description= New Description=贴片电阻
Change Component Description : Designator=R45 Old Description= New Description=贴片电阻
Change Component Description : Designator=R46 Old Description= New Description=贴片电阻
Change Component Description : Designator=R47 Old Description= New Description=贴片电阻
Change Component Description : Designator=R48 Old Description= New Description=贴片电阻
Change Component Description : Designator=R49 Old Description= New Description=贴片电阻
Change Component Description : Designator=R50 Old Description= New Description=贴片电阻
Change Component Description : Designator=R51 Old Description= New Description=贴片电阻
Change Component Description : Designator=L2 Old Description=? New Description=贴片电感
Change Component Description : Designator=U4 Old Description=MP2560 New Description=MP2560D_SOIC-8_EP_150mil
Change Component Library : Designator=L1 Old Library=我的原理? New Library=我的原理图库.SchLib
Change Component Library : Designator=C30 Old Library=我的集成 New Library=我的集成库.IntLib
Change Component Library : Designator=D11 Old Library=我的集成 New Library=我的集成库.IntLib
Change Component Library : Designator=J3 Old Library=我的集成 New Library=我的集成库.IntLib
Change Component Library : Designator=J4 Old Library=我的集成 New Library=我的集成库.IntLib
Change Component Library : Designator=J5 Old Library=我的集成 New Library=我的集成库.IntLib
Change Component Library : Designator=P1 Old Library=我的集成 New Library=我的集成库.IntLib
Change Component Library : Designator=P2 Old Library=我的集成 New Library=我的集成库.IntLib
Change Component Library : Designator=P3 Old Library=我的集成 New Library=我的集成库.IntLib
Change Component Library : Designator=P4 Old Library=我的集成 New Library=我的集成库.IntLib
Change Component Library : Designator=P5 Old Library=我的集成 New Library=我的集成库.IntLib
Change Component Library : Designator=P6 Old Library=我的集成 New Library=我的集成库.IntLib
Change Component Library : Designator=P7 Old Library=我的集成 New Library=我的集成库.IntLib
Change Component Library : Designator=P8 Old Library=我的集成 New Library=我的集成库.IntLib
Change Component Library : Designator=U2 Old Library=我的集成 New Library=我的集成库.IntLib
Added Component: Designator=VR1(SOT-223)
Added Pin To Net: NetName=GND Pin=VR1-1
Added Pin To Net: NetName=VCC3V3 Pin=VR1-2
Added Pin To Net: NetName=VCC3V3 Pin=VR1-2
Added Pin To Net: NetName=VCC5V Pin=VR1-3
Added Member To Class: ClassName=RST_SER_1 Member=Component VR1 AMS1117-3.3
